This file contains any messages produced by compilers while
running configure, to aid debugging if configure makes a mistake.

It was created by PCem configure v17, which was
generated by GNU Autoconf 2.69.  Invocation command line was

  $ ./configure --enable-release-build

## --------- ##
## Platform. ##
## --------- ##

hostname = EricdeMacBook-Air.local
uname -m = x86_64
uname -r = 20.6.0
uname -s = Darwin
uname -v = Darwin Kernel Version 20.6.0: Tue Jun 21 20:50:28 PDT 2022; root:xnu-7195.141.32~1/RELEASE_X86_64

/usr/bin/uname -p = i386
/bin/uname -X     = unknown

/bin/arch              = unknown
/usr/bin/arch -k       = unknown
/usr/convex/getsysinfo = unknown
/usr/bin/hostinfo      = Mach kernel version:
	 Darwin Kernel Version 20.6.0: Tue Jun 21 20:50:28 PDT 2022; root:xnu-7195.141.32~1/RELEASE_X86_64
Kernel configured for up to 4 processors.
2 processors are physically available.
4 processors are logically available.
Processor type: x86_64h (Intel x86-64h Haswell)
Processors active: 0 1 2 3
Primary memory available: 4.00 gigabytes
Default processor set: 311 tasks, 1318 threads, 4 processors
Load average: 2.30, Mach factor: 1.69
/bin/machine           = unknown
/usr/bin/oslevel       = unknown
/bin/universe          = unknown

PATH: /opt/local/Library/Frameworks/wxWidgets.framework/Versions/wxWidgets/3.1/bin
PATH: /opt/local/Library/
PATH: /opt/local/libexec/gnubin/
PATH: /opt/local/bin
PATH: /opt/local/sbin/
PATH: /opt/local/bin
PATH: /opt/local/sbin
PATH: /usr/local/bin
PATH: /usr/bin
PATH: /bin
PATH: /usr/sbin
PATH: /sbin
PATH: /opt/X11/bin
PATH: /Library/Apple/usr/bin


## ----------- ##
## Core tests. ##
## ----------- ##

configure:2071: checking build system type
configure:2085: result: x86_64-apple-darwin20.6.0
configure:2105: checking host system type
configure:2118: result: x86_64-apple-darwin20.6.0
configure:2155: checking for a BSD-compatible install
configure:2223: result: /opt/local/libexec/gnubin//install -c
configure:2234: checking whether build environment is sane
configure:2289: result: yes
configure:2440: checking for a thread-safe mkdir -p
configure:2479: result: /opt/local/libexec/gnubin//mkdir -p
configure:2486: checking for gawk
configure:2516: result: no
configure:2486: checking for mawk
configure:2516: result: no
configure:2486: checking for nawk
configure:2516: result: no
configure:2486: checking for awk
configure:2502: found /usr/bin/awk
configure:2513: result: awk
configure:2524: checking whether make sets $(MAKE)
configure:2546: result: yes
configure:2575: checking whether make supports nested variables
configure:2592: result: yes
configure:2766: checking for gcc
configure:2782: found /usr/bin/gcc
configure:2793: result: gcc
configure:3022: checking for C compiler version
configure:3031: gcc --version >&5
Apple clang version 13.0.0 (clang-1300.0.29.30)
Target: x86_64-apple-darwin20.6.0
Thread model: posix
InstalledDir: /Applications/Xcode.app/Contents/Developer/Toolchains/XcodeDefault.xctoolchain/usr/bin
Configured with: --prefix=/Applications/Xcode.app/Contents/Developer/usr --with-gxx-include-dir=/Applications/Xcode.app/Contents/Developer/Platforms/MacOSX.platform/Developer/SDKs/MacOSX.sdk/usr/include/c++/4.2.1
configure:3042: $? = 0
configure:3031: gcc -v >&5
Configured with: --prefix=/Applications/Xcode.app/Contents/Developer/usr --with-gxx-include-dir=/Applications/Xcode.app/Contents/Developer/Platforms/MacOSX.platform/Developer/SDKs/MacOSX.sdk/usr/include/c++/4.2.1
Apple clang version 13.0.0 (clang-1300.0.29.30)
Target: x86_64-apple-darwin20.6.0
Thread model: posix
InstalledDir: /Applications/Xcode.app/Contents/Developer/Toolchains/XcodeDefault.xctoolchain/usr/bin
configure:3042: $? = 0
configure:3031: gcc -V >&5
clang: error: argument to '-V' is missing (expected 1 value)
clang: error: no input files
configure:3042: $? = 1
configure:3031: gcc -qversion >&5
clang: error: unknown argument '-qversion'; did you mean '--version'?
clang: error: no input files
configure:3042: $? = 1
configure:3062: checking whether the C compiler works
configure:3084: gcc    conftest.c  >&5
configure:3088: $? = 0
configure:3136: result: yes
configure:3139: checking for C compiler default output file name
configure:3141: result: a.out
configure:3147: checking for suffix of executables
configure:3154: gcc -o conftest    conftest.c  >&5
configure:3158: $? = 0
configure:3180: result: 
configure:3202: checking whether we are cross compiling
configure:3210: gcc -o conftest    conftest.c  >&5
configure:3214: $? = 0
configure:3221: ./conftest
configure:3225: $? = 0
configure:3240: result: no
configure:3245: checking for suffix of object files
configure:3267: gcc -c   conftest.c >&5
configure:3271: $? = 0
configure:3292: result: o
configure:3296: checking whether we are using the GNU C compiler
configure:3315: gcc -c   conftest.c >&5
configure:3315: $? = 0
configure:3324: result: yes
configure:3333: checking whether gcc accepts -g
configure:3353: gcc -c -g  conftest.c >&5
configure:3353: $? = 0
configure:3394: result: yes
configure:3411: checking for gcc option to accept ISO C89
configure:3474: gcc  -c -g -O2  conftest.c >&5
configure:3474: $? = 0
configure:3487: result: none needed
configure:3512: checking whether gcc understands -c and -o together
configure:3534: gcc -c conftest.c -o conftest2.o
configure:3537: $? = 0
configure:3534: gcc -c conftest.c -o conftest2.o
configure:3537: $? = 0
configure:3549: result: yes
configure:3577: checking for style of include used by make
configure:3605: result: GNU
configure:3631: checking dependency style of gcc
configure:3742: result: gcc3
configure:3815: checking for g++
configure:3831: found /usr/bin/g++
configure:3842: result: g++
configure:3869: checking for C++ compiler version
configure:3878: g++ --version >&5
Apple clang version 13.0.0 (clang-1300.0.29.30)
Target: x86_64-apple-darwin20.6.0
Thread model: posix
InstalledDir: /Applications/Xcode.app/Contents/Developer/Toolchains/XcodeDefault.xctoolchain/usr/bin
Configured with: --prefix=/Applications/Xcode.app/Contents/Developer/usr --with-gxx-include-dir=/Applications/Xcode.app/Contents/Developer/Platforms/MacOSX.platform/Developer/SDKs/MacOSX.sdk/usr/include/c++/4.2.1
configure:3889: $? = 0
configure:3878: g++ -v >&5
Configured with: --prefix=/Applications/Xcode.app/Contents/Developer/usr --with-gxx-include-dir=/Applications/Xcode.app/Contents/Developer/Platforms/MacOSX.platform/Developer/SDKs/MacOSX.sdk/usr/include/c++/4.2.1
Apple clang version 13.0.0 (clang-1300.0.29.30)
Target: x86_64-apple-darwin20.6.0
Thread model: posix
InstalledDir: /Applications/Xcode.app/Contents/Developer/Toolchains/XcodeDefault.xctoolchain/usr/bin
configure:3889: $? = 0
configure:3878: g++ -V >&5
clang: error: argument to '-V' is missing (expected 1 value)
clang: error: no input files
configure:3889: $? = 1
configure:3878: g++ -qversion >&5
clang: error: unknown argument '-qversion'; did you mean '--version'?
clang: error: no input files
configure:3889: $? = 1
configure:3893: checking whether we are using the GNU C++ compiler
configure:3912: g++ -c   conftest.cpp >&5
configure:3912: $? = 0
configure:3921: result: yes
configure:3930: checking whether g++ accepts -g
configure:3950: g++ -c -g  conftest.cpp >&5
configure:3950: $? = 0
configure:3991: result: yes
configure:4016: checking dependency style of g++
configure:4127: result: gcc3
configure:4146: checking whether to build for release
configure:4154: result: yes
configure:4169: checking whether to enable debugging
configure:4184: result: no
configure:4188: checking whether to enable networking
configure:4199: result: no
configure:4203: checking whether to use ALSA for MIDI output
configure:4214: result: no
configure:4218: checking for cpu
configure:4228: result: x86_64
configure:4279: checking for off64_t x86_64
configure:4293: gcc -o conftest -O3 -fcommon   conftest.c  >&5
conftest.c:15:1: error: unknown type name 'off64_t'; did you mean 'off_t'?
off64_t n=0;
^~~~~~~
off_t
/Applications/Xcode.app/Contents/Developer/Platforms/MacOSX.platform/Developer/SDKs/MacOSX.sdk/usr/include/sys/_types/_off_t.h:31:33: note: 'off_t' declared here
typedef __darwin_off_t          off_t;
                                ^
1 error generated.
configure:4293: $? = 1
configure: failed program was:
| /* confdefs.h */
| #define PACKAGE_NAME "PCem"
| #define PACKAGE_TARNAME "pcem"
| #define PACKAGE_VERSION "v17"
| #define PACKAGE_STRING "PCem v17"
| #define PACKAGE_BUGREPORT "Sarah Walker <pcem@pcem-emulator.co.uk>"
| #define PACKAGE_URL ""
| #define PACKAGE "pcem"
| #define VERSION "v17"
| /* end confdefs.h.  */
| #include <sys/types.h>
| int
| main ()
| {
| off64_t n=0;
|   ;
|   return 0;
| }
configure:4305: result: no
configure:4400: checking for pkg-config
configure:4418: found /opt/local/bin/pkg-config
configure:4430: result: /opt/local/bin/pkg-config
configure:4455: checking pkg-config is at least version 0.9.0
configure:4458: result: yes
configure:4504: checking for SDL
configure:4511: $PKG_CONFIG --exists --print-errors "sdl2 >= $min_sdl_version"
configure:4514: $? = 0
configure:4528: $PKG_CONFIG --exists --print-errors "sdl2 >= $min_sdl_version"
configure:4531: $? = 0
configure:4569: result: yes
configure:4907: checking for wx-config
configure:4926: found /opt/local/Library/Frameworks/wxWidgets.framework/Versions/wxWidgets/3.1/bin/wx-config
configure:4939: result: /opt/local/Library/Frameworks/wxWidgets.framework/Versions/wxWidgets/3.1/bin/wx-config
configure:4954: checking for wxWidgets version >= 3.0.0
configure:5000: result: yes (version 3.1.5)
configure:5004: checking for wxWidgets static library
configure:5008: result: no
configure:5204: checking for pthread_create in -lpthread
configure:5229: gcc -o conftest -O3 -fcommon   conftest.c -lpthread   >&5
configure:5229: $? = 0
configure:5238: result: yes
configure:5848: checking that generated files are newer than configure
configure:5854: result: done
configure:5933: creating ./config.status

## ---------------------- ##
## Running config.status. ##
## ---------------------- ##

This file was extended by PCem config.status v17, which was
generated by GNU Autoconf 2.69.  Invocation command line was

  CONFIG_FILES    = 
  CONFIG_HEADERS  = 
  CONFIG_LINKS    = 
  CONFIG_COMMANDS = 
  $ ./config.status 

on EricdeMacBook-Air.local

config.status:842: creating Makefile
config.status:842: creating src/Makefile
config.status:1014: executing depfiles commands

## ---------------- ##
## Cache variables. ##
## ---------------- ##

ac_cv_build=x86_64-apple-darwin20.6.0
ac_cv_c_compiler_gnu=yes
ac_cv_cxx_compiler_gnu=yes
ac_cv_env_CCC_set=
ac_cv_env_CCC_value=
ac_cv_env_CC_set=
ac_cv_env_CC_value=
ac_cv_env_CFLAGS_set=
ac_cv_env_CFLAGS_value=
ac_cv_env_CPPFLAGS_set=
ac_cv_env_CPPFLAGS_value=
ac_cv_env_CXXFLAGS_set=
ac_cv_env_CXXFLAGS_value=
ac_cv_env_CXX_set=
ac_cv_env_CXX_value=
ac_cv_env_LDFLAGS_set=
ac_cv_env_LDFLAGS_value=
ac_cv_env_LIBS_set=
ac_cv_env_LIBS_value=
ac_cv_env_PKG_CONFIG_LIBDIR_set=
ac_cv_env_PKG_CONFIG_LIBDIR_value=
ac_cv_env_PKG_CONFIG_PATH_set=
ac_cv_env_PKG_CONFIG_PATH_value=
ac_cv_env_PKG_CONFIG_set=
ac_cv_env_PKG_CONFIG_value=
ac_cv_env_SDL2_FRAMEWORK_set=
ac_cv_env_SDL2_FRAMEWORK_value=
ac_cv_env_SDL_CFLAGS_set=
ac_cv_env_SDL_CFLAGS_value=
ac_cv_env_SDL_LIBS_set=
ac_cv_env_SDL_LIBS_value=
ac_cv_env_build_alias_set=
ac_cv_env_build_alias_value=
ac_cv_env_host_alias_set=
ac_cv_env_host_alias_value=
ac_cv_env_target_alias_set=
ac_cv_env_target_alias_value=
ac_cv_host=x86_64-apple-darwin20.6.0
ac_cv_lib_pthread_pthread_create=yes
ac_cv_objext=o
ac_cv_path_WX_CONFIG_PATH=/opt/local/Library/Frameworks/wxWidgets.framework/Versions/wxWidgets/3.1/bin/wx-config
ac_cv_path_ac_pt_PKG_CONFIG=/opt/local/bin/pkg-config
ac_cv_path_install='/opt/local/libexec/gnubin//install -c'
ac_cv_path_mkdir=/opt/local/libexec/gnubin//mkdir
ac_cv_prog_AWK=awk
ac_cv_prog_ac_ct_CC=gcc
ac_cv_prog_ac_ct_CXX=g++
ac_cv_prog_cc_c89=
ac_cv_prog_cc_g=yes
ac_cv_prog_cxx_g=yes
ac_cv_prog_make_make_set=yes
am_cv_CC_dependencies_compiler_type=gcc3
am_cv_CXX_dependencies_compiler_type=gcc3
am_cv_make_support_nested_variables=yes
am_cv_prog_cc_c_o=yes
pkg_cv_SDL_CFLAGS='-D_THREAD_SAFE -I/opt/local/include -I/opt/local/include/SDL2'
pkg_cv_SDL_LIBS='-L/opt/local/lib -lSDL2'

## ----------------- ##
## Output variables. ##
## ----------------- ##

ACLOCAL='${SHELL} /Users/eric/Documents/pcem/missing aclocal-1.15'
AMDEPBACKSLASH='\'
AMDEP_FALSE='#'
AMDEP_TRUE=''
AMTAR='$${TAR-tar}'
AM_BACKSLASH='\'
AM_DEFAULT_V='$(AM_DEFAULT_VERBOSITY)'
AM_DEFAULT_VERBOSITY='1'
AM_V='$(V)'
AUTOCONF='${SHELL} /Users/eric/Documents/pcem/missing autoconf'
AUTOHEADER='${SHELL} /Users/eric/Documents/pcem/missing autoheader'
AUTOMAKE='${SHELL} /Users/eric/Documents/pcem/missing automake-1.15'
AWK='awk'
CC='gcc'
CCDEPMODE='depmode=gcc3'
CFLAGS='-O3 -fcommon'
CPPFLAGS=''
CPU_ARM64_FALSE=''
CPU_ARM64_TRUE='#'
CPU_ARM_FALSE=''
CPU_ARM_TRUE='#'
CPU_I386_FALSE=''
CPU_I386_TRUE='#'
CPU_X86_64_FALSE='#'
CPU_X86_64_TRUE=''
CXX='g++'
CXXDEPMODE='depmode=gcc3'
CXXFLAGS='-O3 -fcommon'
CYGPATH_W='echo'
DEFS='-DPACKAGE_NAME=\"PCem\" -DPACKAGE_TARNAME=\"pcem\" -DPACKAGE_VERSION=\"v17\" -DPACKAGE_STRING=\"PCem\ v17\" -DPACKAGE_BUGREPORT=\"Sarah\ Walker\ \<pcem@pcem-emulator.co.uk\>\" -DPACKAGE_URL=\"\" -DPACKAGE=\"pcem\" -DVERSION=\"v17\" -DHAVE_LIBPTHREAD=1'
DEPDIR='.deps'
ECHO_C='\c'
ECHO_N=''
ECHO_T=''
EXEEXT=''
HAS_OFF64T_FALSE=''
HAS_OFF64T_TRUE='#'
INSTALL_DATA='${INSTALL} -m 644'
INSTALL_PROGRAM='${INSTALL}'
INSTALL_SCRIPT='${INSTALL}'
INSTALL_STRIP_PROGRAM='$(install_sh) -c -s'
LDFLAGS=''
LIBOBJS=''
LIBS='-lpthread  -framework OpenGL -framework OpenAL -L/opt/local/Library/Frameworks/wxWidgets.framework/Versions/wxWidgets/3.1/lib   -framework IOKit -framework Carbon -framework Cocoa -framework QuartzCore -framework AudioToolbox -framework System -framework OpenGL -lwx_osx_cocoau_xrc-3.1 -lwx_osx_cocoau_html-3.1 -lwx_osx_cocoau_core-3.1 -lwx_baseu_xml-3.1 -lwx_baseu_net-3.1 -lwx_baseu-3.1  -L/opt/local/lib -lSDL2'
LTLIBOBJS=''
MAKEINFO='${SHELL} /Users/eric/Documents/pcem/missing makeinfo'
MKDIR_P='/opt/local/libexec/gnubin//mkdir -p'
OBJEXT='o'
OS_LINUX_FALSE=''
OS_LINUX_TRUE='#'
OS_MACOSX_FALSE='#'
OS_MACOSX_TRUE=''
OS_OTHER_FALSE=''
OS_OTHER_TRUE='#'
OS_WINDOWS_FALSE=''
OS_WINDOWS_TRUE='#'
PACKAGE='pcem'
PACKAGE_BUGREPORT='Sarah Walker <pcem@pcem-emulator.co.uk>'
PACKAGE_NAME='PCem'
PACKAGE_STRING='PCem v17'
PACKAGE_TARNAME='pcem'
PACKAGE_URL=''
PACKAGE_VERSION='v17'
PATH_SEPARATOR=':'
PKG_CONFIG='/opt/local/bin/pkg-config'
PKG_CONFIG_LIBDIR=''
PKG_CONFIG_PATH=''
RELEASE_BUILD_FALSE='#'
RELEASE_BUILD_TRUE=''
SDL2_CONFIG='pkg-config sdl2'
SDL2_FRAMEWORK=''
SDL_CFLAGS='-D_THREAD_SAFE -I/opt/local/include -I/opt/local/include/SDL2'
SDL_LIBS='-L/opt/local/lib -lSDL2'
SET_MAKE=''
SHELL='/bin/sh'
STRIP=''
USE_ALSA_FALSE=''
USE_ALSA_TRUE='#'
USE_NETWORKING_FALSE=''
USE_NETWORKING_TRUE='#'
USE_WX_FALSE=''
USE_WX_TRUE='#'
VERSION='v17'
WX_CFLAGS='-I/opt/local/Library/Frameworks/wxWidgets.framework/Versions/wxWidgets/3.1/lib/wx/include/osx_cocoa-unicode-3.1 -I/opt/local/Library/Frameworks/wxWidgets.framework/Versions/wxWidgets/3.1/include/wx-3.1 -D_FILE_OFFSET_BITS=64 -DWXUSINGDLL -D__WXMAC__ -D__WXOSX__ -D__WXOSX_COCOA__ '
WX_CFLAGS_ONLY=''
WX_CONFIG_PATH='/opt/local/Library/Frameworks/wxWidgets.framework/Versions/wxWidgets/3.1/bin/wx-config'
WX_CPPFLAGS='-I/opt/local/Library/Frameworks/wxWidgets.framework/Versions/wxWidgets/3.1/lib/wx/include/osx_cocoa-unicode-3.1 -I/opt/local/Library/Frameworks/wxWidgets.framework/Versions/wxWidgets/3.1/include/wx-3.1 -D_FILE_OFFSET_BITS=64 -DWXUSINGDLL -D__WXMAC__ -D__WXOSX__ -D__WXOSX_COCOA__'
WX_CXXFLAGS='-I/opt/local/Library/Frameworks/wxWidgets.framework/Versions/wxWidgets/3.1/lib/wx/include/osx_cocoa-unicode-3.1 -I/opt/local/Library/Frameworks/wxWidgets.framework/Versions/wxWidgets/3.1/include/wx-3.1 -D_FILE_OFFSET_BITS=64 -DWXUSINGDLL -D__WXMAC__ -D__WXOSX__ -D__WXOSX_COCOA__ '
WX_CXXFLAGS_ONLY='-I/opt/local/Library/Frameworks/wxWidgets.framework/Versions/wxWidgets/3.1/lib/wx/include/osx_cocoa-unicode-3.1 -I/opt/local/Library/Frameworks/wxWidgets.framework/Versions/wxWidgets/3.1/include/wx-3.1 -D_FILE_OFFSET_BITS=64 -DWXUSINGDLL -D__WXMAC__ -D__WXOSX__ -D__WXOSX_COCOA__'
WX_LIBS='-L/opt/local/Library/Frameworks/wxWidgets.framework/Versions/wxWidgets/3.1/lib   -framework IOKit -framework Carbon -framework Cocoa -framework QuartzCore -framework AudioToolbox -framework System -framework OpenGL -lwx_osx_cocoau_xrc-3.1 -lwx_osx_cocoau_html-3.1 -lwx_osx_cocoau_core-3.1 -lwx_baseu_xml-3.1 -lwx_baseu_net-3.1 -lwx_baseu-3.1 '
WX_LIBS_STATIC=''
WX_RESCOMP=''
WX_VERSION='3.1.5'
WX_VERSION_MAJOR='3'
WX_VERSION_MICRO='5'
WX_VERSION_MINOR='1'
ac_ct_CC='gcc'
ac_ct_CXX='g++'
am__EXEEXT_FALSE=''
am__EXEEXT_TRUE='#'
am__fastdepCC_FALSE='#'
am__fastdepCC_TRUE=''
am__fastdepCXX_FALSE='#'
am__fastdepCXX_TRUE=''
am__include='include'
am__isrc=''
am__leading_dot='.'
am__nodep='_no'
am__quote=''
am__tar='$${TAR-tar} chof - "$$tardir"'
am__untar='$${TAR-tar} xf -'
bindir='${exec_prefix}/bin'
build='x86_64-apple-darwin20.6.0'
build_alias=''
build_cpu='x86_64'
build_os='darwin20.6.0'
build_vendor='apple'
datadir='${datarootdir}'
datarootdir='${prefix}/share'
docdir='${datarootdir}/doc/${PACKAGE_TARNAME}'
dvidir='${docdir}'
exec_prefix='${prefix}'
host='x86_64-apple-darwin20.6.0'
host_alias=''
host_cpu='x86_64'
host_os='darwin20.6.0'
host_vendor='apple'
htmldir='${docdir}'
includedir='${prefix}/include'
infodir='${datarootdir}/info'
install_sh='${SHELL} /Users/eric/Documents/pcem/install-sh'
libdir='${exec_prefix}/lib'
libexecdir='${exec_prefix}/libexec'
localedir='${datarootdir}/locale'
localstatedir='${prefix}/var'
mandir='${datarootdir}/man'
mkdir_p='$(MKDIR_P)'
oldincludedir='/usr/include'
pdfdir='${docdir}'
prefix='/usr/local'
program_transform_name='s,x,x,'
psdir='${docdir}'
runstatedir='${localstatedir}/run'
sbindir='${exec_prefix}/sbin'
sharedstatedir='${prefix}/com'
sysconfdir='${prefix}/etc'
target_alias=''

## ----------- ##
## confdefs.h. ##
## ----------- ##

/* confdefs.h */
#define PACKAGE_NAME "PCem"
#define PACKAGE_TARNAME "pcem"
#define PACKAGE_VERSION "v17"
#define PACKAGE_STRING "PCem v17"
#define PACKAGE_BUGREPORT "Sarah Walker <pcem@pcem-emulator.co.uk>"
#define PACKAGE_URL ""
#define PACKAGE "pcem"
#define VERSION "v17"
#define HAVE_LIBPTHREAD 1

configure: exit 0
